<?xml version="1.0" encoding="UTF-8"?>
<testsuite xmlns:xsi="http://www.w3.org/2001/XMLSchema-instance" xsi:noNamespaceSchemaLocation="https://maven.apache.org/surefire/maven-surefire-plugin/xsd/surefire-test-report.xsd" name="co.unicauca.parkinglot.domain.TestParkin" time="0.427" tests="4" errors="0" skipped="0" failures="0">
  <properties>
[...]
</properties>
  <testcase name="CarTest" classname="co.unicauca.parkinglot.domain.TestParkin" time="0.381"/>
  <testcase name="TruckTest" classname="co.unicauca.parkinglot.domain.TestParkin" time="0.01"/>
  <testcase name="PersistenceTest" classname="co.unicauca.parkinglot.domain.TestParkin" time="0.01"/>
  <testcase name="MotosTest" classname="co.unicauca.parkinglot.domain.TestParkin" time="0.008"/>
</testsuite>